01/14/19 14:15:22:: Logger started on Rank 0
01/14/19 14:15:22:: Starting Auryn Kernel
01/14/19 14:15:22:: Auryn version 0.8.1dev-d6c1604 ( compiled Oct 14 2018 21:50:30 )
01/14/19 14:15:22:: Git repository revision v0.8.1-12-gd6c1604
01/14/19 14:15:22:: Simulation timestep is set to 1.000000e-04s  
01/14/19 14:15:22:: Auryn was compiled with MPI support.
01/14/19 14:15:22:: Not running a parallel simulation.
01/14/19 14:15:22:: SpikingGroup (SpikingGroup.cpp): :: Size 200
01/14/19 14:15:22:: SpikingGroup (SpikingGroup.cpp): :: Size 200
01/14/19 14:15:22:: SpikingGroup (SpikingGroup.cpp): :: Size 200
01/14/19 14:15:22:: Connecting hidden layers ...
01/14/19 14:15:22:: SpikingGroup (SpikingGroup.cpp): :: Size 256
01/14/19 14:15:22::   Parameter eta=1.000000e-03
01/14/19 14:15:22::   Parameter timestep_rmsprop_updates=5000
01/14/19 14:15:22::   Parameter delay_size=7
01/14/19 14:15:22:: RFSuperSpikeConnection (Connection.cpp): randomizing non-zero connections (gaussian) with mean=0 sigma=0.00353553
01/14/19 14:15:22:: Setting up output layer...
01/14/19 14:15:22::   Parameter eta=1.000000e-03
01/14/19 14:15:22::   Parameter timestep_rmsprop_updates=5000
01/14/19 14:15:22::   Parameter delay_size=0
01/14/19 14:15:22:: con_out (Connection.cpp): randomizing non-zero connections (gaussian) with mean=0 sigma=0.003125
01/14/19 14:15:22:: Adding long-range feedback connection
01/14/19 14:15:22:: SpikingGroup (SpikingGroup.cpp): :: Size 200
01/14/19 14:15:22:: ErrorConnection (Connection.cpp): randomizing non-zero connections (gaussian) with mean=0 sigma=1
01/14/19 14:15:22:: Setting up monitors...
01/14/19 14:15:22:: PopulationRateMonitor:: Setting binsize 0.1s
01/14/19 14:15:22:: Burn-in...
01/14/19 14:15:22:: Simulation triggered ( runtime=20s ) ...
01/14/19 14:15:22:: On this rank: neurons_total=1056, synapses_total=153600
01/14/19 14:15:22:: On all ranks: neurons_total=1056, synapses_total=153600
01/14/19 14:18:07:: Simulation finished. Elapsed wall time 165s. with SpeedFactor=8.250000e+00 (network clock=200000)
01/14/19 14:18:07:: Simulation triggered ( runtime=1s ) ...
01/14/19 14:18:16:: Simulation finished. Elapsed wall time 9s. 
01/14/19 14:18:16:: Simulation triggered ( runtime=19s ) ...
01/14/19 14:21:31:: Simulation finished. Elapsed wall time 195s. with SpeedFactor=1.026316e+01 (network clock=400000)
01/14/19 14:21:31:: Simulation triggered ( runtime=1s ) ...
01/14/19 14:21:42:: Simulation finished. Elapsed wall time 11s. 
01/14/19 14:21:42:: Simulation triggered ( runtime=19s ) ...
01/14/19 14:24:54:: Simulation finished. Elapsed wall time 192s. with SpeedFactor=1.010526e+01 (network clock=600000)
01/14/19 14:24:54:: Simulation triggered ( runtime=1s ) ...
01/14/19 14:25:04:: Simulation finished. Elapsed wall time 10s. 
01/14/19 14:25:04:: Simulation triggered ( runtime=19s ) ...
01/14/19 14:28:27:: Simulation finished. Elapsed wall time 203s. with SpeedFactor=1.068421e+01 (network clock=800000)
01/14/19 14:28:27:: Simulation triggered ( runtime=1s ) ...
01/14/19 14:28:38:: Simulation finished. Elapsed wall time 11s. 
01/14/19 14:28:38:: Simulation triggered ( runtime=19s ) ...
01/14/19 14:31:56:: Simulation finished. Elapsed wall time 198s. with SpeedFactor=1.042105e+01 (network clock=1000000)
01/14/19 14:31:56:: Simulation triggered ( runtime=1s ) ...
01/14/19 14:32:07:: Simulation finished. Elapsed wall time 11s. 
01/14/19 14:32:07:: Simulation triggered ( runtime=19s ) ...
01/14/19 14:35:20:: Simulation finished. Elapsed wall time 193s. with SpeedFactor=1.015789e+01 (network clock=1200000)
01/14/19 14:35:20:: Simulation triggered ( runtime=1s ) ...
01/14/19 14:35:31:: Simulation finished. Elapsed wall time 11s. 
01/14/19 14:35:31:: Simulation triggered ( runtime=19s ) ...
01/14/19 14:38:43:: Simulation finished. Elapsed wall time 192s. with SpeedFactor=1.010526e+01 (network clock=1400000)
01/14/19 14:38:43:: Simulation triggered ( runtime=1s ) ...
01/14/19 14:38:53:: Simulation finished. Elapsed wall time 10s. 
01/14/19 14:38:53:: Simulation triggered ( runtime=19s ) ...
01/14/19 14:42:05:: Simulation finished. Elapsed wall time 192s. with SpeedFactor=1.010526e+01 (network clock=1600000)
01/14/19 14:42:05:: Simulation triggered ( runtime=1s ) ...
01/14/19 14:42:15:: Simulation finished. Elapsed wall time 10s. 
01/14/19 14:42:15:: Simulation triggered ( runtime=19s ) ...
01/14/19 14:45:28:: Simulation finished. Elapsed wall time 193s. with SpeedFactor=1.015789e+01 (network clock=1800000)
01/14/19 14:45:28:: Simulation triggered ( runtime=1s ) ...
01/14/19 14:45:39:: Simulation finished. Elapsed wall time 11s. 
01/14/19 14:45:39:: Simulation triggered ( runtime=19s ) ...
01/14/19 14:48:52:: Simulation finished. Elapsed wall time 193s. with SpeedFactor=1.015789e+01 (network clock=2000000)
01/14/19 14:48:52:: Simulation triggered ( runtime=1s ) ...
01/14/19 14:49:03:: Simulation finished. Elapsed wall time 11s. 
01/14/19 14:49:03:: Simulation triggered ( runtime=19s ) ...
01/14/19 14:52:16:: Simulation finished. Elapsed wall time 193s. with SpeedFactor=1.015789e+01 (network clock=2200000)
01/14/19 14:52:16:: Simulation triggered ( runtime=1s ) ...
01/14/19 14:52:27:: Simulation finished. Elapsed wall time 11s. 
01/14/19 14:52:27:: Simulation triggered ( runtime=19s ) ...
01/14/19 14:55:44:: Simulation finished. Elapsed wall time 197s. with SpeedFactor=1.036842e+01 (network clock=2400000)
01/14/19 14:55:44:: Simulation triggered ( runtime=1s ) ...
01/14/19 14:55:55:: Simulation finished. Elapsed wall time 11s. 
01/14/19 14:55:55:: Simulation triggered ( runtime=19s ) ...
01/14/19 14:59:10:: Simulation finished. Elapsed wall time 195s. with SpeedFactor=1.026316e+01 (network clock=2600000)
01/14/19 14:59:10:: Simulation triggered ( runtime=1s ) ...
01/14/19 14:59:20:: Simulation finished. Elapsed wall time 10s. 
01/14/19 14:59:20:: Simulation triggered ( runtime=19s ) ...
01/14/19 15:02:35:: Simulation finished. Elapsed wall time 195s. with SpeedFactor=1.026316e+01 (network clock=2800000)
01/14/19 15:02:35:: Simulation triggered ( runtime=1s ) ...
01/14/19 15:02:46:: Simulation finished. Elapsed wall time 11s. 
01/14/19 15:02:46:: Simulation triggered ( runtime=19s ) ...
01/14/19 15:05:50:: Simulation finished. Elapsed wall time 184s. with SpeedFactor=9.684211e+00 (network clock=3000000)
01/14/19 15:05:50:: Simulation triggered ( runtime=1s ) ...
01/14/19 15:06:00:: Simulation finished. Elapsed wall time 10s. 
01/14/19 15:06:00:: Simulation triggered ( runtime=19s ) ...
01/14/19 15:09:04:: Simulation finished. Elapsed wall time 184s. with SpeedFactor=9.684211e+00 (network clock=3200000)
01/14/19 15:09:04:: Simulation triggered ( runtime=1s ) ...
01/14/19 15:09:14:: Simulation finished. Elapsed wall time 10s. 
01/14/19 15:09:14:: Simulation triggered ( runtime=19s ) ...
01/14/19 15:12:19:: Simulation finished. Elapsed wall time 185s. with SpeedFactor=9.736842e+00 (network clock=3400000)
01/14/19 15:12:19:: Simulation triggered ( runtime=1s ) ...
01/14/19 15:12:29:: Simulation finished. Elapsed wall time 10s. 
01/14/19 15:12:29:: Simulation triggered ( runtime=19s ) ...
01/14/19 15:15:34:: Simulation finished. Elapsed wall time 185s. with SpeedFactor=9.736842e+00 (network clock=3600000)
01/14/19 15:15:34:: Simulation triggered ( runtime=1s ) ...
01/14/19 15:15:44:: Simulation finished. Elapsed wall time 10s. 
01/14/19 15:15:44:: Simulation triggered ( runtime=19s ) ...
01/14/19 15:18:47:: Simulation finished. Elapsed wall time 183s. with SpeedFactor=9.631579e+00 (network clock=3800000)
01/14/19 15:18:47:: Simulation triggered ( runtime=1s ) ...
01/14/19 15:18:57:: Simulation finished. Elapsed wall time 10s. 
01/14/19 15:18:57:: Simulation triggered ( runtime=19s ) ...
01/14/19 15:22:01:: Simulation finished. Elapsed wall time 184s. with SpeedFactor=9.684211e+00 (network clock=4000000)
01/14/19 15:22:01:: Simulation triggered ( runtime=1s ) ...
01/14/19 15:22:12:: Simulation finished. Elapsed wall time 11s. 
01/14/19 15:22:12:: Simulation triggered ( runtime=19s ) ...
01/14/19 15:25:24:: Simulation finished. Elapsed wall time 192s. with SpeedFactor=1.010526e+01 (network clock=4200000)
01/14/19 15:25:24:: Simulation triggered ( runtime=1s ) ...
01/14/19 15:25:34:: Simulation finished. Elapsed wall time 10s. 
01/14/19 15:25:34:: Simulation triggered ( runtime=19s ) ...
01/14/19 15:28:50:: Simulation finished. Elapsed wall time 196s. with SpeedFactor=1.031579e+01 (network clock=4400000)
01/14/19 15:28:50:: Simulation triggered ( runtime=1s ) ...
01/14/19 15:29:00:: Simulation finished. Elapsed wall time 10s. 
01/14/19 15:29:00:: Simulation triggered ( runtime=19s ) ...
01/14/19 15:32:15:: Simulation finished. Elapsed wall time 195s. with SpeedFactor=1.026316e+01 (network clock=4600000)
01/14/19 15:32:15:: Simulation triggered ( runtime=1s ) ...
01/14/19 15:32:26:: Simulation finished. Elapsed wall time 11s. 
01/14/19 15:32:26:: Simulation triggered ( runtime=19s ) ...
01/14/19 15:35:41:: Simulation finished. Elapsed wall time 195s. with SpeedFactor=1.026316e+01 (network clock=4800000)
01/14/19 15:35:41:: Simulation triggered ( runtime=1s ) ...
01/14/19 15:35:52:: Simulation finished. Elapsed wall time 11s. 
01/14/19 15:35:52:: Simulation triggered ( runtime=19s ) ...
01/14/19 15:39:03:: Simulation finished. Elapsed wall time 191s. with SpeedFactor=1.005263e+01 (network clock=5000000)
01/14/19 15:39:03:: Simulation triggered ( runtime=1s ) ...
01/14/19 15:39:13:: Simulation finished. Elapsed wall time 10s. 
01/14/19 15:39:13:: Simulation triggered ( runtime=19s ) ...
01/14/19 15:42:33:: Simulation finished. Elapsed wall time 200s. with SpeedFactor=1.052632e+01 (network clock=5200000)
01/14/19 15:42:33:: Simulation triggered ( runtime=1s ) ...
01/14/19 15:42:45:: Simulation finished. Elapsed wall time 12s. 
01/14/19 15:42:45:: Simulation triggered ( runtime=19s ) ...
01/14/19 15:46:01:: Simulation finished. Elapsed wall time 196s. with SpeedFactor=1.031579e+01 (network clock=5400000)
01/14/19 15:46:01:: Simulation triggered ( runtime=1s ) ...
01/14/19 15:46:11:: Simulation finished. Elapsed wall time 10s. 
01/14/19 15:46:11:: Simulation triggered ( runtime=19s ) ...
01/14/19 15:49:45:: Simulation finished. Elapsed wall time 214s. with SpeedFactor=1.126316e+01 (network clock=5600000)
01/14/19 15:49:45:: Simulation triggered ( runtime=1s ) ...
01/14/19 15:49:56:: Simulation finished. Elapsed wall time 11s. 
01/14/19 15:49:56:: Simulation triggered ( runtime=19s ) ...
01/14/19 15:53:24:: Simulation finished. Elapsed wall time 208s. with SpeedFactor=1.094737e+01 (network clock=5800000)
01/14/19 15:53:24:: Simulation triggered ( runtime=1s ) ...
01/14/19 15:53:34:: Simulation finished. Elapsed wall time 10s. 
01/14/19 15:53:34:: Simulation triggered ( runtime=19s ) ...
01/14/19 15:56:41:: Simulation finished. Elapsed wall time 187s. with SpeedFactor=9.842105e+00 (network clock=6000000)
01/14/19 15:56:41:: Simulation triggered ( runtime=1s ) ...
01/14/19 15:56:51:: Simulation finished. Elapsed wall time 10s. 
01/14/19 15:56:51:: Simulation triggered ( runtime=19s ) ...
01/14/19 15:59:59:: Simulation finished. Elapsed wall time 188s. with SpeedFactor=9.894737e+00 (network clock=6200000)
01/14/19 15:59:59:: Simulation triggered ( runtime=1s ) ...
01/14/19 16:00:09:: Simulation finished. Elapsed wall time 10s. 
01/14/19 16:00:09:: Simulation triggered ( runtime=19s ) ...
01/14/19 16:03:16:: Simulation finished. Elapsed wall time 187s. with SpeedFactor=9.842105e+00 (network clock=6400000)
01/14/19 16:03:16:: Simulation triggered ( runtime=1s ) ...
01/14/19 16:03:27:: Simulation finished. Elapsed wall time 11s. 
01/14/19 16:03:27:: Simulation triggered ( runtime=19s ) ...
01/14/19 16:06:35:: Simulation finished. Elapsed wall time 188s. with SpeedFactor=9.894737e+00 (network clock=6600000)
01/14/19 16:06:35:: Simulation triggered ( runtime=1s ) ...
01/14/19 16:06:46:: Simulation finished. Elapsed wall time 11s. 
01/14/19 16:06:46:: Simulation triggered ( runtime=19s ) ...
01/14/19 16:09:55:: Simulation finished. Elapsed wall time 189s. with SpeedFactor=9.947368e+00 (network clock=6800000)
01/14/19 16:09:55:: Simulation triggered ( runtime=1s ) ...
01/14/19 16:10:05:: Simulation finished. Elapsed wall time 10s. 
01/14/19 16:10:05:: Simulation triggered ( runtime=19s ) ...
01/14/19 16:13:14:: Simulation finished. Elapsed wall time 189s. with SpeedFactor=9.947368e+00 (network clock=7000000)
01/14/19 16:13:14:: Simulation triggered ( runtime=1s ) ...
01/14/19 16:13:25:: Simulation finished. Elapsed wall time 11s. 
01/14/19 16:13:25:: Simulation triggered ( runtime=19s ) ...
01/14/19 16:16:34:: Simulation finished. Elapsed wall time 189s. with SpeedFactor=9.947368e+00 (network clock=7200000)
01/14/19 16:16:34:: Simulation triggered ( runtime=1s ) ...
01/14/19 16:16:44:: Simulation finished. Elapsed wall time 10s. 
01/14/19 16:16:44:: Simulation triggered ( runtime=19s ) ...
01/14/19 16:20:25:: Simulation finished. Elapsed wall time 221s. with SpeedFactor=1.163158e+01 (network clock=7400000)
01/14/19 16:20:25:: Simulation triggered ( runtime=1s ) ...
01/14/19 16:20:36:: Simulation finished. Elapsed wall time 11s. 
01/14/19 16:20:36:: Simulation triggered ( runtime=19s ) ...
01/14/19 16:24:14:: Simulation finished. Elapsed wall time 218s. with SpeedFactor=1.147368e+01 (network clock=7600000)
01/14/19 16:24:14:: Simulation triggered ( runtime=1s ) ...
01/14/19 16:24:27:: Simulation finished. Elapsed wall time 13s. 
01/14/19 16:24:27:: Simulation triggered ( runtime=19s ) ...
01/14/19 16:28:07:: Simulation finished. Elapsed wall time 220s. with SpeedFactor=1.157895e+01 (network clock=7800000)
01/14/19 16:28:07:: Simulation triggered ( runtime=1s ) ...
01/14/19 16:28:19:: Simulation finished. Elapsed wall time 12s. 
01/14/19 16:28:19:: Simulation triggered ( runtime=19s ) ...
01/14/19 16:31:55:: Simulation finished. Elapsed wall time 216s. with SpeedFactor=1.136842e+01 (network clock=8000000)
01/14/19 16:31:55:: Simulation triggered ( runtime=1s ) ...
01/14/19 16:32:07:: Simulation finished. Elapsed wall time 12s. 
01/14/19 16:32:07:: Simulation triggered ( runtime=19s ) ...
01/14/19 16:35:51:: Simulation finished. Elapsed wall time 224s. with SpeedFactor=1.178947e+01 (network clock=8200000)
01/14/19 16:35:51:: Simulation triggered ( runtime=1s ) ...
01/14/19 16:36:05:: Simulation finished. Elapsed wall time 14s. 
01/14/19 16:36:05:: Simulation triggered ( runtime=19s ) ...
01/14/19 16:40:23:: Simulation finished. Elapsed wall time 258s. with SpeedFactor=1.357895e+01 (network clock=8400000)
01/14/19 16:40:23:: Simulation triggered ( runtime=1s ) ...
01/14/19 16:40:36:: Simulation finished. Elapsed wall time 13s. 
01/14/19 16:40:36:: Simulation triggered ( runtime=19s ) ...
01/14/19 16:44:33:: Simulation finished. Elapsed wall time 237s. with SpeedFactor=1.247368e+01 (network clock=8600000)
01/14/19 16:44:33:: Simulation triggered ( runtime=1s ) ...
01/14/19 16:44:46:: Simulation finished. Elapsed wall time 13s. 
01/14/19 16:44:46:: Simulation triggered ( runtime=19s ) ...
01/14/19 16:48:37:: Simulation finished. Elapsed wall time 231s. with SpeedFactor=1.215789e+01 (network clock=8800000)
01/14/19 16:48:37:: Simulation triggered ( runtime=1s ) ...
01/14/19 16:48:49:: Simulation finished. Elapsed wall time 12s. 
01/14/19 16:48:49:: Simulation triggered ( runtime=19s ) ...
01/14/19 16:52:37:: Simulation finished. Elapsed wall time 228s. with SpeedFactor=1.200000e+01 (network clock=9000000)
01/14/19 16:52:37:: Simulation triggered ( runtime=1s ) ...
01/14/19 16:52:49:: Simulation finished. Elapsed wall time 12s. 
01/14/19 16:52:49:: Simulation triggered ( runtime=19s ) ...
01/14/19 16:56:24:: Simulation finished. Elapsed wall time 215s. with SpeedFactor=1.131579e+01 (network clock=9200000)
01/14/19 16:56:24:: Simulation triggered ( runtime=1s ) ...
01/14/19 16:56:35:: Simulation finished. Elapsed wall time 11s. 
01/14/19 16:56:35:: Simulation triggered ( runtime=19s ) ...
01/14/19 17:00:10:: Simulation finished. Elapsed wall time 215s. with SpeedFactor=1.131579e+01 (network clock=9400000)
01/14/19 17:00:10:: Simulation triggered ( runtime=1s ) ...
01/14/19 17:00:22:: Simulation finished. Elapsed wall time 12s. 
01/14/19 17:00:22:: Simulation triggered ( runtime=19s ) ...
01/14/19 17:04:03:: Simulation finished. Elapsed wall time 221s. with SpeedFactor=1.163158e+01 (network clock=9600000)
01/14/19 17:04:03:: Simulation triggered ( runtime=1s ) ...
01/14/19 17:04:14:: Simulation finished. Elapsed wall time 11s. 
01/14/19 17:04:14:: Simulation triggered ( runtime=19s ) ...
01/14/19 17:08:10:: Simulation finished. Elapsed wall time 236s. with SpeedFactor=1.242105e+01 (network clock=9800000)
01/14/19 17:08:10:: Simulation triggered ( runtime=1s ) ...
01/14/19 17:08:21:: Simulation finished. Elapsed wall time 11s. 
01/14/19 17:08:21:: Simulation triggered ( runtime=19s ) ...
01/14/19 17:11:47:: Simulation finished. Elapsed wall time 206s. with SpeedFactor=1.084211e+01 (network clock=10000000)
01/14/19 17:11:47:: Simulation triggered ( runtime=1s ) ...
01/14/19 17:11:47:: Mark set (1000s). 
01/14/19 17:11:58:: Simulation finished. Elapsed wall time 11s. 
01/14/19 17:11:58:: Simulation triggered ( runtime=19s ) ...
01/14/19 17:15:33:: Simulation finished. Elapsed wall time 215s. with SpeedFactor=1.131579e+01 (network clock=10200000)
01/14/19 17:15:33:: Running one grid marker with plasticity disabled...
01/14/19 17:15:33:: Simulation triggered ( runtime=2.4899s ) ...
01/14/19 17:15:33:: Simulation finished. Elapsed wall time 0s. 
01/14/19 17:15:33:: Saving ...
01/14/19 17:15:33:: Saving network state
01/14/19 17:15:33:: Logger stopped
